


ARM Macro Assembler    Page 1 


    1 00000000         
    2 00000000                 THUMB
    3 00000000                 AREA             My_code, CODE, READONLY ; 
    4 00000000                 EXPORT           __MAIN
    5 00000000                 ENTRY
    6 00000000         __MAIN
    7 00000000         
    8 00000000         ; Turn off all LEDs 
    9 00000000 F44F 4240       MOV              R2, #0xC000
   10 00000004 F04F 4330       MOV              R3, #0xB0000000
   11 00000008 F04F 0400       MOV              R4, #0x0
   12 0000000C F2C2 0409       MOVT             R4, #0x2009
   13 00000010 4414            ADD              R4, R4, R2  ; 0x2009C000 - the 
                                                            base address for de
                                                            aling with the port
                                                            s
   14 00000012 6223            STR              R3, [r4, #0x20] ; Turn off the 
                                                            three LEDs on port 
                                                            1
   15 00000014 F04F 037C       MOV              R3, #0x0000007C
   16 00000018 6423            STR              R3, [R4, #0x40] ; Turn off five
                                                             LEDs on port 2 
   17 0000001A         
   18 0000001A         ResetLUT
   19 0000001A 4D44            LDR              R5, =InputLUT ; assign R5 to th
                                                            e address at label 
                                                            LUT
   20 0000001C         
   21 0000001C         
   22 0000001C         ;MAIN DONE
   23 0000001C         NextChar
   24 0000001C 7828            LDRB             R0, [R5]    ; Read a character 
                                                            to convert to Morse
                                                            
   25 0000001E F105 0501       ADD              R5, #1      ; point to next val
                                                            ue for number of de
                                                            lays, jump by 1 byt
                                                            e
   26 00000022 F090 0F00       TEQ              R0, #0      ; If we hit 0 (null
                                                             at end of the stri
                                                            ng) then reset to t
                                                            he start of lookup 
                                                            table
   27 00000026 D104            BNE              ProcessChar ; If we have a char
                                                            acter process it
   28 00000028         
   29 00000028 F04F 0004       MOV              R0, #4      ; delay 4 extra spa
                                                            ces (7 total) betwe
                                                            en words
   30 0000002C F000 F852       BL               DELAY
   31 00000030 D0F3            BEQ              ResetLUT
   32 00000032         
   33 00000032         ProcessChar
   34 00000032 F000 F838       BL               CHAR2MORSE  ; convert ASCII to 
                                                            Morse pattern in R1
                                                              
   35 00000036 E7FF            B                FIND_ONE
   36 00000038         FIND_ONE
   37 00000038 F04F 0600       MOV              R6, #0x0000



ARM Macro Assembler    Page 2 


   38 0000003C F2C8 0600       MOVT             R6, #0x8000
   39 00000040 EA4F 0141       LSL              R1, R1, #1
   40 00000044 EA11 0706       ANDS             R7, R1, R6
   41 00000048 D0F6            BEQ              FIND_ONE
   42 0000004A D1FF            BNE              CHECK_LIGHT
   43 0000004C         
   44 0000004C         CHECK_LIGHT
   45 0000004C F091 0F00       TEQ              R1, #0
   46 00000050 D017            BEQ              ENDCHAR
   47 00000052         
   48 00000052 F04F 0600       MOV              R6, #0x0000
   49 00000056 F2C8 0600       MOVT             R6, #0x8000
   50 0000005A EA16 0701       ANDS             R7, R6, R1
   51 0000005E EA4F 0141       LSL              R1, R1, #1
   52 00000062 D000            BEQ              BLANK
   53 00000064 D106            BNE              LIGHT
   54 00000066         
   55 00000066         BLANK
   56 00000066 F04F 0001       MOV              R0, #1
   57 0000006A F000 F82C       BL               LED_OFF
   58 0000006E F000 F831       BL               DELAY
   59 00000072 E7EB            B                CHECK_LIGHT
   60 00000074         
   61 00000074         LIGHT
   62 00000074 F04F 0001       MOV              R0, #1
   63 00000078 F000 F81E       BL               LED_ON
   64 0000007C F000 F82A       BL               DELAY
   65 00000080 E7E4            B                CHECK_LIGHT
   66 00000082         
   67 00000082         ENDCHAR
   68 00000082 F04F 0003       MOV              R0, #3
   69 00000086 F000 F81E       BL               LED_OFF
   70 0000008A F000 F823       BL               DELAY
   71 0000008E E7C5            B                NextChar
   72 00000090         
   73 00000090         
   74 00000090         ;DONE
   75 00000090 F44F 7300 
                       Again   MOV              R3, #0x200
   76 00000094 F44F 7200 
                       loopBuzz
                               MOV              R2, #0x200  ; aprox 1kHz since 
                                                            looping 0x10000 tim
                                                            es is ~ 10Hz
   77 00000098 3A01    loopMore
                               SUBS             R2, #1      ; decreament inner 
                                                            loop to make a soun
                                                            d;
   78 0000009A D1FD            BNE              loopMore
   79 0000009C F085 6580       EOR              R5, #0x4000000 ; toggle speaker
                                                             output
   80 000000A0 6025            STR              R5, [R4]    ; write to speaker 
                                                            output
   81 000000A2 3B01            SUBS             R3, #1
   82 000000A4 E7F4            B                Again
   83 000000A6         
   84 000000A6         
   85 000000A6         
   86 000000A6         ;DONE 



ARM Macro Assembler    Page 3 


   87 000000A6 B501    CHAR2MORSE
                               STMFD            R13!,{R0,R14} ; push Link Regis
                                                            ter (return address
                                                            ) on stack
   88 000000A8 F1A0 0041       SUB              R0, #0x41
   89 000000AC 4400            ADD              R0,R0
   90 000000AE F8DF 9080       LDR              R9, =MorseLUT
   91 000000B2 F830 1009       LDRH             R1, [R0,R9]
   92 000000B6 BD01            LDMFD            R13!,{R0,R15} ; restore LR to R
                                                            15 the Program Coun
                                                            ter to return
   93 000000B8         
   94 000000B8         ;DONE
   95 000000B8         
   96 000000B8 B508    LED_ON  STMFD            R13!,{R3, R14} ; preserve R3 an
                                                            d R4 on the R13 sta
                                                            ck
   97 000000BA F04F 0300       MOV              R3, #0x0000
   98 000000BE F2CA 0300       MOVT             R3, #0xA000
   99 000000C2 6223            STR              R3, [R4,#0x20]
  100 000000C4 BD08            LDMFD            R13!,{R3, R15}
  101 000000C6         
  102 000000C6         ;DONE
  103 000000C6 B508    LED_OFF STMFD            R13!,{R3, R14} ; push R3 and Li
                                                            nk Register (return
                                                             address) on stack
  104 000000C8 F04F 0300       MOV              R3, #0x0000
  105 000000CC F2CB 0300       MOVT             R3, #0xB000
  106 000000D0 6223            STR              R3, [R4,#0x20]
  107 000000D2 BD08            LDMFD            R13!,{R3, R15} ; restore R3 and
                                                             LR to R15 the Prog
                                                            ram Counter to retu
                                                            rn
  108 000000D4         
  109 000000D4         
  110 000000D4         ;DONE
  111 000000D4 B504    DELAY   STMFD            R13!,{R2, R14}
  112 000000D6         MultipleDelay
  113 000000D6         LOOP2
  114 000000D6         
  115 000000D6 F64F 72FF       MOV              R2, #0xFFFF
  116 000000DA F2C0 020A       MOVT             R2, #0x000A
  117 000000DE         
  118 000000DE         LOOP3
  119 000000DE 3A01            SUBS             R2,#1
  120 000000E0 D1FD            BNE              LOOP3
  121 000000E2         
  122 000000E2 F1A0 0001       SUB              R0,#1
  123 000000E6 F090 0F00       TEQ              R0, #0
  124 000000EA D1F4            BNE              LOOP2
  125 000000EC D0FF            BEQ              exitDelay
  126 000000EE         
  127 000000EE BD04    exitDelay
                               LDMFD            R13!,{R2, R15}
  128 000000F0         
  129 000000F0         
  130 000000F0                 ALIGN
  131 000000F0         
  132 000000F0         



ARM Macro Assembler    Page 4 


  133 000000F0 5A 4C 59 
              5A 47 00 InputLUT
                               DCB              "ZLYZG", 0
  134 000000F6         
  135 000000F6 00 00           ALIGN
  136 000000F8         MorseLUT
  137 000000F8 17 00 D5 
              01 5D 07 
              75 00            DCW              0x17, 0x1D5, 0x75D, 0x75 
                                                            ; A, B, C, D
  138 00000100 01 00 5D 
              01 DD 01 
              55 00            DCW              0x1, 0x15D, 0x1DD, 0x55 
                                                            ; E, F, G, H
  139 00000108 05 00 77 
              17 D7 01 
              75 01            DCW              0x5, 0x1777, 0x1D7, 0x175 
                                                            ; I, J, K, L
  140 00000110 77 00 1D 
              00 77 07 
              DD 05            DCW              0x77, 0x1D, 0x777, 0x5DD 
                                                            ; M, N, O, P
  141 00000118 D7 1D 5D 
              00 15 00 
              07 00            DCW              0x1DD7, 0x5D, 0x15, 0x7 
                                                            ; Q, R, S, T
  142 00000120 57 00 57 
              01 77 01 
              57 07            DCW              0x57, 0x157, 0x177, 0x757 
                                                            ; U, V, W, X
  143 00000128 77 1D 75 
              07               DCW              0x1D77, 0x775 ; Y, Z
  144 0000012C         
  145 0000012C         ; One can also define an address using the EQUate direct
                       ive
  146 0000012C         ;
  147 0000012C 2009C000 
                       LED_PORT_ADR
                               EQU              0x2009c000  ; Base address of t
                                                            he memory that cont
                                                            rols I/O like LEDs
  148 0000012C         
  149 0000012C                 END
              00000000 
              00000000 
Command Line: --debug --xref --cpu=Cortex-M3 --apcs=interwork --depend=Lab_2_pr
ogram.d -oLab_2_program.o -IC:\Software\Keil\ARM\RV31\INC -IC:\Software\Keil\AR
M\CMSIS\Include -IC:\Software\Keil\ARM\Inc\NXP\LPC17xx --list=Lab_2_program.lst
 Lab_2_program.s



ARM Macro Assembler    Page 1 Alphabetic symbol ordering
Relocatable symbols

Again 00000090

Symbol: Again
   Definitions
      At line 75 in file Lab_2_program.s
   Uses
      At line 82 in file Lab_2_program.s
Comment: Again used once
BLANK 00000066

Symbol: BLANK
   Definitions
      At line 55 in file Lab_2_program.s
   Uses
      At line 52 in file Lab_2_program.s
Comment: BLANK used once
CHAR2MORSE 000000A6

Symbol: CHAR2MORSE
   Definitions
      At line 87 in file Lab_2_program.s
   Uses
      At line 34 in file Lab_2_program.s
Comment: CHAR2MORSE used once
CHECK_LIGHT 0000004C

Symbol: CHECK_LIGHT
   Definitions
      At line 44 in file Lab_2_program.s
   Uses
      At line 42 in file Lab_2_program.s
      At line 59 in file Lab_2_program.s
      At line 65 in file Lab_2_program.s

DELAY 000000D4

Symbol: DELAY
   Definitions
      At line 111 in file Lab_2_program.s
   Uses
      At line 30 in file Lab_2_program.s
      At line 58 in file Lab_2_program.s
      At line 64 in file Lab_2_program.s
      At line 70 in file Lab_2_program.s

ENDCHAR 00000082

Symbol: ENDCHAR
   Definitions
      At line 67 in file Lab_2_program.s
   Uses
      At line 46 in file Lab_2_program.s
Comment: ENDCHAR used once
FIND_ONE 00000038

Symbol: FIND_ONE
   Definitions
      At line 36 in file Lab_2_program.s
   Uses



ARM Macro Assembler    Page 2 Alphabetic symbol ordering
Relocatable symbols

      At line 35 in file Lab_2_program.s
      At line 41 in file Lab_2_program.s

InputLUT 000000F0

Symbol: InputLUT
   Definitions
      At line 133 in file Lab_2_program.s
   Uses
      At line 19 in file Lab_2_program.s
Comment: InputLUT used once
LED_OFF 000000C6

Symbol: LED_OFF
   Definitions
      At line 103 in file Lab_2_program.s
   Uses
      At line 57 in file Lab_2_program.s
      At line 69 in file Lab_2_program.s

LED_ON 000000B8

Symbol: LED_ON
   Definitions
      At line 96 in file Lab_2_program.s
   Uses
      At line 63 in file Lab_2_program.s
Comment: LED_ON used once
LIGHT 00000074

Symbol: LIGHT
   Definitions
      At line 61 in file Lab_2_program.s
   Uses
      At line 53 in file Lab_2_program.s
Comment: LIGHT used once
LOOP2 000000D6

Symbol: LOOP2
   Definitions
      At line 113 in file Lab_2_program.s
   Uses
      At line 124 in file Lab_2_program.s
Comment: LOOP2 used once
LOOP3 000000DE

Symbol: LOOP3
   Definitions
      At line 118 in file Lab_2_program.s
   Uses
      At line 120 in file Lab_2_program.s
Comment: LOOP3 used once
MorseLUT 000000F8

Symbol: MorseLUT
   Definitions
      At line 136 in file Lab_2_program.s
   Uses
      At line 90 in file Lab_2_program.s



ARM Macro Assembler    Page 3 Alphabetic symbol ordering
Relocatable symbols

Comment: MorseLUT used once
MultipleDelay 000000D6

Symbol: MultipleDelay
   Definitions
      At line 112 in file Lab_2_program.s
   Uses
      None
Comment: MultipleDelay unused
My_code 00000000

Symbol: My_code
   Definitions
      At line 3 in file Lab_2_program.s
   Uses
      None
Comment: My_code unused
NextChar 0000001C

Symbol: NextChar
   Definitions
      At line 23 in file Lab_2_program.s
   Uses
      At line 71 in file Lab_2_program.s
Comment: NextChar used once
ProcessChar 00000032

Symbol: ProcessChar
   Definitions
      At line 33 in file Lab_2_program.s
   Uses
      At line 27 in file Lab_2_program.s
Comment: ProcessChar used once
ResetLUT 0000001A

Symbol: ResetLUT
   Definitions
      At line 18 in file Lab_2_program.s
   Uses
      At line 31 in file Lab_2_program.s
Comment: ResetLUT used once
__MAIN 00000000

Symbol: __MAIN
   Definitions
      At line 6 in file Lab_2_program.s
   Uses
      At line 4 in file Lab_2_program.s
Comment: __MAIN used once
exitDelay 000000EE

Symbol: exitDelay
   Definitions
      At line 127 in file Lab_2_program.s
   Uses
      At line 125 in file Lab_2_program.s
Comment: exitDelay used once
loopBuzz 00000094




ARM Macro Assembler    Page 4 Alphabetic symbol ordering
Relocatable symbols

Symbol: loopBuzz
   Definitions
      At line 76 in file Lab_2_program.s
   Uses
      None
Comment: loopBuzz unused
loopMore 00000098

Symbol: loopMore
   Definitions
      At line 77 in file Lab_2_program.s
   Uses
      At line 78 in file Lab_2_program.s
Comment: loopMore used once
23 symbols



ARM Macro Assembler    Page 1 Alphabetic symbol ordering
Absolute symbols

LED_PORT_ADR 2009C000

Symbol: LED_PORT_ADR
   Definitions
      At line 147 in file Lab_2_program.s
   Uses
      None
Comment: LED_PORT_ADR unused
1 symbol
356 symbols in table
